<html>
<body>
<pre>
<h1>Vision Build Log</h1>
<h2>Tool Versions:</h2>
IDE-Version: μVision V5.27.1.0
Copyright (C) 2019 ARM Ltd and ARM Germany GmbH. All rights reserved.
License Information: JUN WANG, Zhejiang University, LIC=HN93N-YV4UA-A1FP3-AMKV3-VXYRN-SQUAV
 
Tool Versions:
Toolchain:       PK51 Prof. Developers Kit  Version: 9.60.0.0
Toolchain Path:  C:\Keil_v5\C51\BIN
C Compiler:      C51.exe V9.60.0.0
Assembler:       A51.exe V8.2.7.0
Linker/Locator:  BL51.exe V6.22.2.0
Library Manager: LIB51.exe V4.30.1.0
Hex Converter:   OH51.exe V2.7.0.0
CPU DLL:         S8051.DLL V3.122.0.0
Dialog DLL:      DP51.DLL V2.67.0.0 
<h2>Project:</h2>
\\Mac\Home\Desktop\微机原理\硬件实验\实验4 外部中断和定时器\41外部中断\2121.uvproj
Project File Date:  12/22/2021

<h2>Output:</h2>
Build target 'Target 1'
assembling 2121.asm...
2121.asm(14): error A9: SYNTAX ERROR
2121.asm(16): error A9: SYNTAX ERROR
2121.asm(18): error A38: NUMBER OF OPERANDS DOES NOT MATCH INSTRUCTION
2121.asm(18): error A45: UNDEFINED SYMBOL (PASS-2)
Target not created.
Build Time Elapsed:  00:00:00
</pre>
</body>
</html>
